# Table information

metadata: 1983 NCAA Women's Division I Basketball Tournament | First round | First round
full table:
Region     | Host_                                    | Venue                                             | City         | State_        
-----------------------------------------------------------------------------------------------------------------------------------------
OR West    | Northeast Louisiana University           | Ewing Coliseum                                    | Monroe       | Louisiana     
OR East    | Dartmouth College                        | Alumni Gymnasium                                  | Hanover      | New Hampshire 
OR Mideast | La Salle University                      | Hayman Hall (Tom Gola Arena)                      | Philadelphia | Pennsylvania  
OR Midwest | Jackson State University                 | Williams Assembly Center                          | Jackson      | Mississippi   
East       | Old Dominion University                  | Old Dominion University Fieldhouse                | Norfolk      | Virginia      
East       | University of Maryland, College Park     | Cole Field House                                  | College Park | Maryland      
East       | Cheyney State University of Pennsylvania | Cope Hall                                         | Cheyney      | Pennsylvania  
East       | North Carolina State University          | Reynolds Coliseum                                 | Raleigh      | North Carolina
Mideast    | University of Tennessee                  | Stokely Athletic Center                           | Knoxville    | Tennessee     
Mideast    | University of Kentucky                   | Memorial Coliseum                                 | Lexington    | Kentucky      
Mideast    | University of Mississippi                | Tad Smith Coliseum                                | University   | Mississippi   
Mideast    | University of Georgia                    | Georgia Coliseum (Stegeman Coliseum)              | Athens       | Georgia       
Midwest    | Kansas State University                  | Ahearn Field House                                | Manhattan    | Kansas        
Midwest    | Louisiana Tech University                | Thomas Assembly Center                            | Ruston       | Louisiana     
Midwest    | Auburn University                        | Memorial Coliseum (Beard–Eaves–Memorial Coliseum) | Auburn       | Alabama       
Midwest    | University of Texas at Austin            | Frank Erwin Center                                | Austin       | Texas         
West       | California State University, Long Beach  | University Gym (Gold Mine)                        | Long Beach   | California    
West       | Arizona State University                 | University Activity Center (Wells Fargo Arena)    | Tempe        | Arizona       
West       | University of Southern California        | Los Angeles Memorial Sports Arena                 | Los Angeles  | California    
West       | Oregon State University                  | Gill Coliseum                                     | Corvallis    | Oregon        

# Statement
The host of the 1983 NCAA Women's Division I Georgia First Round Basketball Tournament was the University of Georgia.

# Response
```python
import pandas as pd

def expand_statement_pattern(df):
    statement_pattern = "The host of the {year} NCAA Women's Division I {state} {round} Basketball Tournament was {host}."
    expanded_statement_list = []

    for index, row in df.iterrows():
        year = df['Caption'].split()[0]
        state = df['Caption'].split()[-2]
        round_ = df['Caption'].split()[-1]
        host = df['Host_'][index]

        expanded_statement = statement_pattern.format(year=year, state=state, round=round_, host=host)
        expanded_statement_list.append(expanded_statement)

    return statement_pattern, expanded_statement_list
```

# Exception
Traceback (most recent call last):
  File "/home/go203302/.local/lib/python3.10/site-packages/pandas/core/indexes/base.py", line 3805, in get_loc
    return self._engine.get_loc(casted_key)
  File "index.pyx", line 167, in pandas._libs.index.IndexEngine.get_loc
  File "index.pyx", line 196, in pandas._libs.index.IndexEngine.get_loc
  File "pandas/_libs/hashtable_class_helper.pxi", line 7081, in pandas._libs.hashtable.PyObjectHashTable.get_item
  File "pandas/_libs/hashtable_class_helper.pxi", line 7089, in pandas._libs.hashtable.PyObjectHashTable.get_item
KeyError: 'Caption'

The above exception was the direct cause of the following exception:

Traceback (most recent call last):
  File "/work/go203302/mtr-lftqa-dataset/expand_statement.py", line 136, in <module>
    statement_pattern, expanded_statement_list = expand_statement_pattern(
  File "<string>", line 8, in expand_statement_pattern
  File "/home/go203302/.local/lib/python3.10/site-packages/pandas/core/frame.py", line 4102, in __getitem__
    indexer = self.columns.get_loc(key)
  File "/home/go203302/.local/lib/python3.10/site-packages/pandas/core/indexes/base.py", line 3812, in get_loc
    raise KeyError(key) from err
KeyError: 'Caption'

